{"message": "Creating member {'first_name': 'string', 'last_name': 'string', 'email': 'gsdas@gmail.com', 'dob': datetime.datetime(2024, 2, 16, 14, 47, 32, 785000, tzinfo=TzInfo(UTC)), 'phone_number': 'string', 'gender': <GenderEnum.MALE: 'MALE'>, 'nationality': 'string', 'marital_status': <MaritalStatusEnum.SINGLE: ' SINGLE'>, 'address': 'string', 'gps_address': 'string', 'educational_level': <EducationLevelEnum.TERTIARY: 'TERTIARY'>, 'membership_status': <MembershipStatusEnum.MEMBER: 'MEMBER'>, 'leadership_role': <LeadershipRoleEnum.DEACON: 'DEACON'>, 'date_joined': datetime.datetime(2024, 2, 16, 14, 47, 32, 785000, tzinfo=TzInfo(UTC)), 'department_id': '01HPS52C4KCMZP8VTQXVTP075V'}", "time": "2024-02-16T14:54:51.663973"}
{"message": "200 127.0.0.1 POST http://localhost:8000/api/v1/member/register 0:00:00.051526", "time": "2024-02-16T14:54:51.708988"}
{"message": "Inside create_member", "time": "2024-02-16T14:56:45.054667"}
{"message": "Creating member {'first_name': 'Kofi', 'last_name': 'Taylor', 'email': 'gsdas2@gmail.com', 'dob': datetime.datetime(2024, 2, 16, 14, 47, 32, 785000, tzinfo=TzInfo(UTC)), 'phone_number': 'string', 'gender': <GenderEnum.MALE: 'MALE'>, 'nationality': 'string', 'marital_status': <MaritalStatusEnum.SINGLE: ' SINGLE'>, 'address': 'string', 'gps_address': 'string', 'educational_level': <EducationLevelEnum.TERTIARY: 'TERTIARY'>, 'membership_status': <MembershipStatusEnum.MEMBER: 'MEMBER'>, 'leadership_role': <LeadershipRoleEnum.DEACON: 'DEACON'>, 'date_joined': datetime.datetime(2024, 2, 16, 14, 47, 32, 785000, tzinfo=TzInfo(UTC)), 'department_id': '01HPS52C4KCMZP8VTQXVTP075V'}", "time": "2024-02-16T14:56:45.055681"}
{"message": "200 127.0.0.1 POST http://localhost:8000/api/v1/member/register 0:00:00.032131", "time": "2024-02-16T14:56:45.085802"}
{"message": "Database connection is successful", "time": "2024-02-16T15:07:41.363873"}
{"message": "Database connection is successful", "time": "2024-02-16T15:11:56.423692"}
{"message": "Database connection is successful", "time": "2024-02-16T15:15:35.655221"}
{"message": "Database connection is successful", "time": "2024-02-16T15:24:04.963452"}
{"message": "Database connection is successful", "time": "2024-02-16T15:28:21.590102"}
{"message": "Database connection is successful", "time": "2024-02-16T15:28:35.936249"}
{"message": "Inside create_member", "time": "2024-02-16T15:28:50.691381"}
{"message": "Creating member {'first_name': 'Kofi', 'last_name': 'Taylor', 'email': 'gsdas2@gmail.com', 'dob': datetime.datetime(2024, 2, 16, 14, 47, 32, 785000, tzinfo=TzInfo(UTC)), 'phone_number': 'string', 'gender': <GenderEnum.MALE: 'MALE'>, 'nationality': 'string', 'marital_status': <MaritalStatusEnum.SINGLE: ' SINGLE'>, 'address': 'string', 'gps_address': 'string', 'educational_level': <EducationLevelEnum.TERTIARY: 'TERTIARY'>, 'membership_status': <MembershipStatusEnum.MEMBER: 'MEMBER'>, 'leadership_role': <LeadershipRoleEnum.DEACON: 'DEACON'>, 'date_joined': datetime.datetime(2024, 2, 16, 14, 47, 32, 785000, tzinfo=TzInfo(UTC)), 'department_id': '01HPS52C4KCMZP8VTQXVTP075V'}", "time": "2024-02-16T15:28:50.691381"}
{"message": "__init__() got an unexpected keyword argument 'id'", "time": "2024-02-16T15:28:50.720376"}
{"message": "422 127.0.0.1 POST http://localhost:8000/api/v1/member/register 0:00:00.035015", "time": "2024-02-16T15:28:50.722390"}
{"message": "Database connection is successful", "time": "2024-02-16T15:29:35.423432"}
{"message": "Inside create_member", "time": "2024-02-16T15:29:36.034632"}
{"message": "Creating member {'first_name': 'Kofi', 'last_name': 'Taylor', 'email': 'gsdas2@gmail.com', 'dob': datetime.datetime(2024, 2, 16, 14, 47, 32, 785000, tzinfo=TzInfo(UTC)), 'phone_number': 'string', 'gender': <GenderEnum.MALE: 'MALE'>, 'nationality': 'string', 'marital_status': <MaritalStatusEnum.SINGLE: ' SINGLE'>, 'address': 'string', 'gps_address': 'string', 'educational_level': <EducationLevelEnum.TERTIARY: 'TERTIARY'>, 'membership_status': <MembershipStatusEnum.MEMBER: 'MEMBER'>, 'leadership_role': <LeadershipRoleEnum.DEACON: 'DEACON'>, 'date_joined': datetime.datetime(2024, 2, 16, 14, 47, 32, 785000, tzinfo=TzInfo(UTC)), 'department_id': '01HPS52C4KCMZP8VTQXVTP075V'}", "time": "2024-02-16T15:29:36.035632"}
{"message": "__init__() got an unexpected keyword argument 'id'", "time": "2024-02-16T15:29:36.054440"}
{"message": "422 127.0.0.1 POST http://localhost:8000/api/v1/member/register 0:00:00.026868", "time": "2024-02-16T15:29:36.056039"}
{"message": "Database connection is successful", "time": "2024-02-16T15:30:59.889229"}
{"message": "Inside create_member", "time": "2024-02-16T15:31:00.454440"}
{"message": "Creating member {'first_name': 'Kofi', 'last_name': 'Taylor', 'email': 'gsdas2@gmail.com', 'dob': datetime.datetime(2024, 2, 16, 14, 47, 32, 785000, tzinfo=TzInfo(UTC)), 'phone_number': 'string', 'gender': <GenderEnum.MALE: 'MALE'>, 'nationality': 'string', 'marital_status': <MaritalStatusEnum.SINGLE: ' SINGLE'>, 'address': 'string', 'gps_address': 'string', 'educational_level': <EducationLevelEnum.TERTIARY: 'TERTIARY'>, 'membership_status': <MembershipStatusEnum.MEMBER: 'MEMBER'>, 'leadership_role': <LeadershipRoleEnum.DEACON: 'DEACON'>, 'date_joined': datetime.datetime(2024, 2, 16, 14, 47, 32, 785000, tzinfo=TzInfo(UTC)), 'department_id': '01HPS52C4KCMZP8VTQXVTP075V'}", "time": "2024-02-16T15:31:00.455441"}
{"message": "__init__() got an unexpected keyword argument 'id'", "time": "2024-02-16T15:31:00.474441"}
{"message": "422 127.0.0.1 POST http://localhost:8000/api/v1/member/register 0:00:00.025007", "time": "2024-02-16T15:31:00.476451"}
{"message": "200 127.0.0.1 GET http://localhost:8000/api/v1/docs 0:00:00.000999", "time": "2024-02-16T15:31:43.931617"}
{"message": "200 127.0.0.1 GET http://localhost:8000/api/v1/openapi 0:00:00.058091", "time": "2024-02-16T15:31:44.453171"}
{"message": "Inside create_member", "time": "2024-02-16T15:31:51.422689"}
{"message": "Creating member {'first_name': 'Kofi', 'last_name': 'Taylor', 'email': 'gsdadfs2@gmail.com', 'dob': datetime.datetime(2024, 2, 16, 14, 47, 32, 785000, tzinfo=TzInfo(UTC)), 'phone_number': 'string', 'gender': <GenderEnum.MALE: 'MALE'>, 'nationality': 'string', 'marital_status': <MaritalStatusEnum.SINGLE: ' SINGLE'>, 'address': 'string', 'gps_address': 'string', 'educational_level': <EducationLevelEnum.TERTIARY: 'TERTIARY'>, 'membership_status': <MembershipStatusEnum.MEMBER: 'MEMBER'>, 'leadership_role': <LeadershipRoleEnum.DEACON: 'DEACON'>, 'date_joined': datetime.datetime(2024, 2, 16, 14, 47, 32, 785000, tzinfo=TzInfo(UTC)), 'department_id': '01HPS52C4KCMZP8VTQXVTP075V'}", "time": "2024-02-16T15:31:51.423688"}
{"message": "__init__() got an unexpected keyword argument 'id'", "time": "2024-02-16T15:31:51.423688"}
{"message": "422 127.0.0.1 POST http://localhost:8000/api/v1/member/register 0:00:00.003999", "time": "2024-02-16T15:31:51.424687"}
{"message": "Database connection is successful", "time": "2024-02-16T15:34:03.816778"}
{"message": "Database connection is successful", "time": "2024-02-16T15:38:08.975095"}
{"message": "Database connection is successful", "time": "2024-02-16T15:38:22.954477"}
{"message": "Inside create_member", "time": "2024-02-16T15:38:23.376837"}
{"message": "Creating member {'first_name': 'Kofi', 'last_name': 'Taylor', 'email': 'gsdadfs2@gmail.com', 'dob': datetime.datetime(2024, 2, 16, 14, 47, 32, 785000, tzinfo=TzInfo(UTC)), 'phone_number': 'string', 'gender': <GenderEnum.MALE: 'MALE'>, 'nationality': 'string', 'marital_status': <MaritalStatusEnum.SINGLE: ' SINGLE'>, 'address': 'string', 'gps_address': 'string', 'educational_level': <EducationLevelEnum.TERTIARY: 'TERTIARY'>, 'membership_status': <MembershipStatusEnum.MEMBER: 'MEMBER'>, 'leadership_role': <LeadershipRoleEnum.DEACON: 'DEACON'>, 'date_joined': datetime.datetime(2024, 2, 16, 14, 47, 32, 785000, tzinfo=TzInfo(UTC)), 'department_id': '01HPS52C4KCMZP8VTQXVTP075V'}", "time": "2024-02-16T15:38:23.376837"}
{"message": "200 127.0.0.1 POST http://localhost:8000/api/v1/member/register 0:00:00.120590", "time": "2024-02-16T15:38:23.494455"}
{"message": "Database connection is successful", "time": "2024-02-16T16:03:56.220399"}
{"message": "Database connection is successful", "time": "2024-02-16T16:10:15.353223"}
{"message": "Database connection is successful", "time": "2024-02-16T16:11:51.507716"}
{"message": "Database connection is successful", "time": "2024-02-16T16:12:28.468648"}
{"message": "Database connection is successful", "time": "2024-02-16T16:16:12.111807"}
{"message": "Database connection is successful", "time": "2024-02-16T16:16:37.004827"}
{"message": "Database connection is successful", "time": "2024-02-16T16:17:03.958605"}
{"message": "Database connection is successful", "time": "2024-02-16T16:17:10.770514"}
{"message": "Database connection is successful", "time": "2024-02-16T16:17:41.656240"}
{"message": "Inside create_member", "time": "2024-02-16T16:19:56.162561"}
{"message": "Creating member {'first_name': 'Kofi', 'last_name': 'Taylor', 'email': 'gsdadfser2@gmail.com', 'dob': datetime.datetime(2024, 2, 16, 14, 47, 32, 785000, tzinfo=TzInfo(UTC)), 'phone_number': 'string', 'gender': <GenderEnum.MALE: 'MALE'>, 'nationality': 'string', 'marital_status': <MaritalStatusEnum.SINGLE: ' SINGLE'>, 'address': 'string', 'gps_address': 'string', 'educational_level': <EducationLevelEnum.TERTIARY: 'TERTIARY'>, 'membership_status': <MembershipStatusEnum.MEMBER: 'MEMBER'>, 'leadership_role': <LeadershipRoleEnum.DEACON: 'DEACON'>, 'date_joined': datetime.datetime(2024, 2, 16, 14, 47, 32, 785000, tzinfo=TzInfo(UTC)), 'department_id': '01HPS52C4KCMZP8VTQXVTP075V'}", "time": "2024-02-16T16:19:56.162561"}
{"message": "Could not determine join condition between parent/child tables on relationship Member.cell - there are multiple foreign key paths linking the tables.  Specify the 'foreign_keys' argument, providing a list of those columns which should be counted as containing a foreign key reference to the parent table.", "time": "2024-02-16T16:19:56.169562"}
{"message": "422 127.0.0.1 POST http://localhost:8000/api/v1/member/register 0:00:00.010998", "time": "2024-02-16T16:19:56.171562"}
{"message": "Database connection is successful", "time": "2024-02-16T16:31:51.825587"}
{"message": "Inside create_member", "time": "2024-02-16T16:31:52.268336"}
{"message": "Creating member {'first_name': 'Kofi', 'last_name': 'Taylor', 'email': 'gsdadfser2@gmail.com', 'dob': datetime.datetime(2024, 2, 16, 14, 47, 32, 785000, tzinfo=TzInfo(UTC)), 'phone_number': 'string', 'gender': <GenderEnum.MALE: 'MALE'>, 'nationality': 'string', 'marital_status': <MaritalStatusEnum.SINGLE: ' SINGLE'>, 'address': 'string', 'gps_address': 'string', 'educational_level': <EducationLevelEnum.TERTIARY: 'TERTIARY'>, 'membership_status': <MembershipStatusEnum.MEMBER: 'MEMBER'>, 'leadership_role': <LeadershipRoleEnum.DEACON: 'DEACON'>, 'date_joined': datetime.datetime(2024, 2, 16, 14, 47, 32, 785000, tzinfo=TzInfo(UTC)), 'department_id': '01HPS52C4KCMZP8VTQXVTP075V'}", "time": "2024-02-16T16:31:52.269337"}
{"message": "Could not determine join condition between parent/child tables on relationship Member.cell - there are multiple foreign key paths linking the tables.  Specify the 'foreign_keys' argument, providing a list of those columns which should be counted as containing a foreign key reference to the parent table.", "time": "2024-02-16T16:31:52.276330"}
{"message": "422 127.0.0.1 POST http://localhost:8000/api/v1/member/register 0:00:00.011993", "time": "2024-02-16T16:31:52.278333"}
{"message": "Database connection is successful", "time": "2024-02-16T16:33:06.610113"}
{"message": "Inside create_member", "time": "2024-02-16T16:33:07.048105"}
{"message": "Creating member {'first_name': 'Kofi', 'last_name': 'Taylor', 'email': 'gsdadfser2@gmail.com', 'dob': datetime.datetime(2024, 2, 16, 14, 47, 32, 785000, tzinfo=TzInfo(UTC)), 'phone_number': 'string', 'gender': <GenderEnum.MALE: 'MALE'>, 'nationality': 'string', 'marital_status': <MaritalStatusEnum.SINGLE: ' SINGLE'>, 'address': 'string', 'gps_address': 'string', 'educational_level': <EducationLevelEnum.TERTIARY: 'TERTIARY'>, 'membership_status': <MembershipStatusEnum.MEMBER: 'MEMBER'>, 'leadership_role': <LeadershipRoleEnum.DEACON: 'DEACON'>, 'date_joined': datetime.datetime(2024, 2, 16, 14, 47, 32, 785000, tzinfo=TzInfo(UTC)), 'department_id': '01HPS52C4KCMZP8VTQXVTP075V'}", "time": "2024-02-16T16:33:07.049111"}
{"message": "Could not determine join condition between parent/child tables on relationship Member.cell - there are multiple foreign key paths linking the tables.  Specify the 'foreign_keys' argument, providing a list of those columns which should be counted as containing a foreign key reference to the parent table.", "time": "2024-02-16T16:33:07.054138"}
{"message": "422 127.0.0.1 POST http://localhost:8000/api/v1/member/register 0:00:00.010031", "time": "2024-02-16T16:33:07.056105"}
{"message": "Database connection is successful", "time": "2024-02-16T16:33:29.848666"}
{"message": "Database connection is successful", "time": "2024-02-16T16:33:39.304473"}
{"message": "Inside create_member", "time": "2024-02-16T16:33:39.864944"}
{"message": "Creating member {'first_name': 'Kofi', 'last_name': 'Taylor', 'email': 'gsdadfser2@gmail.com', 'dob': datetime.datetime(2024, 2, 16, 14, 47, 32, 785000, tzinfo=TzInfo(UTC)), 'phone_number': 'string', 'gender': <GenderEnum.MALE: 'MALE'>, 'nationality': 'string', 'marital_status': <MaritalStatusEnum.SINGLE: ' SINGLE'>, 'address': 'string', 'gps_address': 'string', 'educational_level': <EducationLevelEnum.TERTIARY: 'TERTIARY'>, 'membership_status': <MembershipStatusEnum.MEMBER: 'MEMBER'>, 'leadership_role': <LeadershipRoleEnum.DEACON: 'DEACON'>, 'date_joined': datetime.datetime(2024, 2, 16, 14, 47, 32, 785000, tzinfo=TzInfo(UTC)), 'department_id': '01HPS52C4KCMZP8VTQXVTP075V'}", "time": "2024-02-16T16:33:39.865938"}
{"message": "200 127.0.0.1 POST http://localhost:8000/api/v1/member/register 0:00:00.168889", "time": "2024-02-16T16:33:40.029824"}
{"message": "Database connection is successful", "time": "2024-02-16T16:34:30.677318"}
{"message": "Database connection is successful", "time": "2024-02-16T16:36:04.876400"}
